This file contains any messages produced by compilers while
running configure, to aid debugging if configure makes a mistake.

It was created by bluez configure 5.50, which was
generated by GNU Autoconf 2.69.  Invocation command line was

  $ ./configure --prefix=/usr --mandir=/usr/share/man --sysconfdir=/etc --localstatedir=/var --enable-experimental

## --------- ##
## Platform. ##
## --------- ##

hostname = saahiil
uname -m = x86_64
uname -r = 4.15.0-72-generic
uname -s = Linux
uname -v = #81-Ubuntu SMP Tue Nov 26 12:20:02 UTC 2019

/usr/bin/uname -p = unknown
/bin/uname -X     = unknown

/bin/arch              = unknown
/usr/bin/arch -k       = unknown
/usr/convex/getsysinfo = unknown
/usr/bin/hostinfo      = unknown
/bin/machine           = unknown
/usr/bin/oslevel       = unknown
/bin/universe          = unknown

PATH: /usr/local/sbin
PATH: /usr/local/bin
PATH: /usr/sbin
PATH: /usr/bin
PATH: /sbin
PATH: /bin
PATH: /usr/games
PATH: /usr/local/games
PATH: /snap/bin
PATH: /home/user/Android/Sdk/emulator
PATH: /home/user/Android/Sdk/tools
PATH: /home/user/Android/Sdk/tools/bin
PATH: /home/user/Android/Sdk/platform-tools


## ----------- ##
## Core tests. ##
## ----------- ##

configure:2494: checking for a BSD-compatible install
configure:2562: result: /usr/bin/install -c
configure:2573: checking whether build environment is sane
configure:2628: result: yes
configure:2779: checking for a thread-safe mkdir -p
configure:2818: result: /bin/mkdir -p
configure:2825: checking for gawk
configure:2855: result: no
configure:2825: checking for mawk
configure:2841: found /usr/bin/mawk
configure:2852: result: mawk
configure:2863: checking whether make sets $(MAKE)
configure:2885: result: yes
configure:2914: checking whether make supports nested variables
configure:2931: result: yes
configure:3010: checking how to create a pax tar archive
configure:3021: tar --version
tar (GNU tar) 1.29
Copyright (C) 2015 Free Software Foundation, Inc.
License GPLv3+: GNU GPL version 3 or later <http://gnu.org/licenses/gpl.html>.
This is free software: you are free to change and redistribute it.
There is NO WARRANTY, to the extent permitted by law.

Written by John Gilmore and Jay Fenlason.
configure:3024: $? = 0
configure:3064: tardir=conftest.dir && eval tar --format=posix -chf - "$tardir" >conftest.tar
configure:3067: $? = 0
configure:3071: tar -xf - <conftest.tar
configure:3074: $? = 0
configure:3076: cat conftest.dir/file
GrepMe
configure:3079: $? = 0
configure:3092: result: gnutar
configure:3156: checking for style of include used by make
configure:3184: result: GNU
configure:3255: checking for gcc
configure:3271: found /usr/bin/gcc
configure:3282: result: gcc
configure:3511: checking for C compiler version
configure:3520: gcc --version >&5
gcc (Ubuntu 7.4.0-1ubuntu1~18.04.1) 7.4.0
Copyright (C) 2017 Free Software Foundation, Inc.
This is free software; see the source for copying conditions.  There is NO
warranty; not even for MERCHANTABILITY or FITNESS FOR A PARTICULAR PURPOSE.

configure:3531: $? = 0
configure:3520: gcc -v >&5
Using built-in specs.
COLLECT_GCC=gcc
COLLECT_LTO_WRAPPER=/usr/lib/gcc/x86_64-linux-gnu/7/lto-wrapper
OFFLOAD_TARGET_NAMES=nvptx-none
OFFLOAD_TARGET_DEFAULT=1
Target: x86_64-linux-gnu
Configured with: ../src/configure -v --with-pkgversion='Ubuntu 7.4.0-1ubuntu1~18.04.1' --with-bugurl=file:///usr/share/doc/gcc-7/README.Bugs --enable-languages=c,ada,c++,go,brig,d,fortran,objc,obj-c++ --prefix=/usr --with-gcc-major-version-only --program-suffix=-7 --program-prefix=x86_64-linux-gnu- --enable-shared --enable-linker-build-id --libexecdir=/usr/lib --without-included-gettext --enable-threads=posix --libdir=/usr/lib --enable-nls --with-sysroot=/ --enable-clocale=gnu --enable-libstdcxx-debug --enable-libstdcxx-time=yes --with-default-libstdcxx-abi=new --enable-gnu-unique-object --disable-vtable-verify --enable-libmpx --enable-plugin --enable-default-pie --with-system-zlib --with-target-system-zlib --enable-objc-gc=auto --enable-multiarch --disable-werror --with-arch-32=i686 --with-abi=m64 --with-multilib-list=m32,m64,mx32 --enable-multilib --with-tune=generic --enable-offload-targets=nvptx-none --without-cuda-driver --enable-checking=release --build=x86_64-linux-gnu --host=x86_64-linux-gnu --target=x86_64-linux-gnu
Thread model: posix
gcc version 7.4.0 (Ubuntu 7.4.0-1ubuntu1~18.04.1) 
configure:3531: $? = 0
configure:3520: gcc -V >&5
gcc: error: unrecognized command line option '-V'
gcc: fatal error: no input files
compilation terminated.
configure:3531: $? = 1
configure:3520: gcc -qversion >&5
gcc: error: unrecognized command line option '-qversion'; did you mean '--version'?
gcc: fatal error: no input files
compilation terminated.
configure:3531: $? = 1
configure:3551: checking whether the C compiler works
configure:3573: gcc    conftest.c  >&5
configure:3577: $? = 0
configure:3625: result: yes
configure:3628: checking for C compiler default output file name
configure:3630: result: a.out
configure:3636: checking for suffix of executables
configure:3643: gcc -o conftest    conftest.c  >&5
configure:3647: $? = 0
configure:3669: result: 
configure:3691: checking whether we are cross compiling
configure:3699: gcc -o conftest    conftest.c  >&5
configure:3703: $? = 0
configure:3710: ./conftest
configure:3714: $? = 0
configure:3729: result: no
configure:3734: checking for suffix of object files
configure:3756: gcc -c   conftest.c >&5
configure:3760: $? = 0
configure:3781: result: o
configure:3785: checking whether we are using the GNU C compiler
configure:3804: gcc -c   conftest.c >&5
configure:3804: $? = 0
configure:3813: result: yes
configure:3822: checking whether gcc accepts -g
configure:3842: gcc -c -g  conftest.c >&5
configure:3842: $? = 0
configure:3883: result: yes
configure:3900: checking for gcc option to accept ISO C89
configure:3963: gcc  -c -g -O2  conftest.c >&5
configure:3963: $? = 0
configure:3976: result: none needed
configure:4001: checking whether gcc understands -c and -o together
configure:4023: gcc -c conftest.c -o conftest2.o
configure:4026: $? = 0
configure:4023: gcc -c conftest.c -o conftest2.o
configure:4026: $? = 0
configure:4038: result: yes
configure:4057: checking dependency style of gcc
configure:4168: result: gcc3
configure:4189: checking how to run the C preprocessor
configure:4220: gcc -E  conftest.c
configure:4220: $? = 0
configure:4234: gcc -E  conftest.c
conftest.c:11:10: fatal error: ac_nonexistent.h: No such file or directory
 #include <ac_nonexistent.h>
          ^~~~~~~~~~~~~~~~~~
compilation terminated.
configure:4234: $? = 1
configure: failed program was:
| /* confdefs.h */
| #define PACKAGE_NAME "bluez"
| #define PACKAGE_TARNAME "bluez"
| #define PACKAGE_VERSION "5.50"
| #define PACKAGE_STRING "bluez 5.50"
| #define PACKAGE_BUGREPORT ""
| #define PACKAGE_URL ""
| #define PACKAGE "bluez"
| #define VERSION "5.50"
| /* end confdefs.h.  */
| #include <ac_nonexistent.h>
configure:4259: result: gcc -E
configure:4279: gcc -E  conftest.c
configure:4279: $? = 0
configure:4293: gcc -E  conftest.c
conftest.c:11:10: fatal error: ac_nonexistent.h: No such file or directory
 #include <ac_nonexistent.h>
          ^~~~~~~~~~~~~~~~~~
compilation terminated.
configure:4293: $? = 1
configure: failed program was:
| /* confdefs.h */
| #define PACKAGE_NAME "bluez"
| #define PACKAGE_TARNAME "bluez"
| #define PACKAGE_VERSION "5.50"
| #define PACKAGE_STRING "bluez 5.50"
| #define PACKAGE_BUGREPORT ""
| #define PACKAGE_URL ""
| #define PACKAGE "bluez"
| #define VERSION "5.50"
| /* end confdefs.h.  */
| #include <ac_nonexistent.h>
configure:4322: checking for grep that handles long lines and -e
configure:4380: result: /bin/grep
configure:4385: checking for egrep
configure:4447: result: /bin/grep -E
configure:4452: checking for ANSI C header files
configure:4472: gcc -c -g -O2  conftest.c >&5
configure:4472: $? = 0
configure:4545: gcc -o conftest -g -O2   conftest.c  >&5
configure:4545: $? = 0
configure:4545: ./conftest
configure:4545: $? = 0
configure:4556: result: yes
configure:4569: checking for sys/types.h
configure:4569: gcc -c -g -O2  conftest.c >&5
configure:4569: $? = 0
configure:4569: result: yes
configure:4569: checking for sys/stat.h
configure:4569: gcc -c -g -O2  conftest.c >&5
configure:4569: $? = 0
configure:4569: result: yes
configure:4569: checking for stdlib.h
configure:4569: gcc -c -g -O2  conftest.c >&5
configure:4569: $? = 0
configure:4569: result: yes
configure:4569: checking for string.h
configure:4569: gcc -c -g -O2  conftest.c >&5
configure:4569: $? = 0
configure:4569: result: yes
configure:4569: checking for memory.h
configure:4569: gcc -c -g -O2  conftest.c >&5
configure:4569: $? = 0
configure:4569: result: yes
configure:4569: checking for strings.h
configure:4569: gcc -c -g -O2  conftest.c >&5
configure:4569: $? = 0
configure:4569: result: yes
configure:4569: checking for inttypes.h
configure:4569: gcc -c -g -O2  conftest.c >&5
configure:4569: $? = 0
configure:4569: result: yes
configure:4569: checking for stdint.h
configure:4569: gcc -c -g -O2  conftest.c >&5
configure:4569: $? = 0
configure:4569: result: yes
configure:4569: checking for unistd.h
configure:4569: gcc -c -g -O2  conftest.c >&5
configure:4569: $? = 0
configure:4569: result: yes
configure:4582: checking minix/config.h usability
configure:4582: gcc -c -g -O2  conftest.c >&5
conftest.c:54:10: fatal error: minix/config.h: No such file or directory
 #include <minix/config.h>
          ^~~~~~~~~~~~~~~~
compilation terminated.
configure:4582: $? = 1
configure: failed program was:
| /* confdefs.h */
| #define PACKAGE_NAME "bluez"
| #define PACKAGE_TARNAME "bluez"
| #define PACKAGE_VERSION "5.50"
| #define PACKAGE_STRING "bluez 5.50"
| #define PACKAGE_BUGREPORT ""
| #define PACKAGE_URL ""
| #define PACKAGE "bluez"
| #define VERSION "5.50"
| #define STDC_HEADERS 1
| #define HAVE_SYS_TYPES_H 1
| #define HAVE_SYS_STAT_H 1
| #define HAVE_STDLIB_H 1
| #define HAVE_STRING_H 1
| #define HAVE_MEMORY_H 1
| #define HAVE_STRINGS_H 1
| #define HAVE_INTTYPES_H 1
| #define HAVE_STDINT_H 1
| #define HAVE_UNISTD_H 1
| /* end confdefs.h.  */
| #include <stdio.h>
| #ifdef HAVE_SYS_TYPES_H
| # include <sys/types.h>
| #endif
| #ifdef HAVE_SYS_STAT_H
| # include <sys/stat.h>
| #endif
| #ifdef STDC_HEADERS
| # include <stdlib.h>
| # include <stddef.h>
| #else
| # ifdef HAVE_STDLIB_H
| #  include <stdlib.h>
| # endif
| #endif
| #ifdef HAVE_STRING_H
| # if !defined STDC_HEADERS && defined HAVE_MEMORY_H
| #  include <memory.h>
| # endif
| # include <string.h>
| #endif
| #ifdef HAVE_STRINGS_H
| # include <strings.h>
| #endif
| #ifdef HAVE_INTTYPES_H
| # include <inttypes.h>
| #endif
| #ifdef HAVE_STDINT_H
| # include <stdint.h>
| #endif
| #ifdef HAVE_UNISTD_H
| # include <unistd.h>
| #endif
| #include <minix/config.h>
configure:4582: result: no
configure:4582: checking minix/config.h presence
configure:4582: gcc -E  conftest.c
conftest.c:21:10: fatal error: minix/config.h: No such file or directory
 #include <minix/config.h>
          ^~~~~~~~~~~~~~~~
compilation terminated.
configure:4582: $? = 1
configure: failed program was:
| /* confdefs.h */
| #define PACKAGE_NAME "bluez"
| #define PACKAGE_TARNAME "bluez"
| #define PACKAGE_VERSION "5.50"
| #define PACKAGE_STRING "bluez 5.50"
| #define PACKAGE_BUGREPORT ""
| #define PACKAGE_URL ""
| #define PACKAGE "bluez"
| #define VERSION "5.50"
| #define STDC_HEADERS 1
| #define HAVE_SYS_TYPES_H 1
| #define HAVE_SYS_STAT_H 1
| #define HAVE_STDLIB_H 1
| #define HAVE_STRING_H 1
| #define HAVE_MEMORY_H 1
| #define HAVE_STRINGS_H 1
| #define HAVE_INTTYPES_H 1
| #define HAVE_STDINT_H 1
| #define HAVE_UNISTD_H 1
| /* end confdefs.h.  */
| #include <minix/config.h>
configure:4582: result: no
configure:4582: checking for minix/config.h
configure:4582: result: no
configure:4603: checking whether it is safe to define __EXTENSIONS__
configure:4621: gcc -c -g -O2  conftest.c >&5
configure:4621: $? = 0
configure:4628: result: yes
configure:4654: checking whether make supports nested variables
configure:4671: result: yes
configure:4684: checking whether to enable maintainer-specific portions of Makefiles
configure:4693: result: no
configure:4763: checking for pkg-config
configure:4781: found /usr/bin/pkg-config
configure:4793: result: /usr/bin/pkg-config
configure:4818: checking pkg-config is at least version 0.9.0
configure:4821: result: yes
configure:4857: checking for C/C++ restrict keyword
configure:4882: gcc -c -g -O2  conftest.c >&5
configure:4882: $? = 0
configure:4890: result: __restrict
configure:4952: checking for gcc
configure:4979: result: gcc
configure:5208: checking for C compiler version
configure:5217: gcc --version >&5
gcc (Ubuntu 7.4.0-1ubuntu1~18.04.1) 7.4.0
Copyright (C) 2017 Free Software Foundation, Inc.
This is free software; see the source for copying conditions.  There is NO
warranty; not even for MERCHANTABILITY or FITNESS FOR A PARTICULAR PURPOSE.

configure:5228: $? = 0
configure:5217: gcc -v >&5
Using built-in specs.
COLLECT_GCC=gcc
COLLECT_LTO_WRAPPER=/usr/lib/gcc/x86_64-linux-gnu/7/lto-wrapper
OFFLOAD_TARGET_NAMES=nvptx-none
OFFLOAD_TARGET_DEFAULT=1
Target: x86_64-linux-gnu
Configured with: ../src/configure -v --with-pkgversion='Ubuntu 7.4.0-1ubuntu1~18.04.1' --with-bugurl=file:///usr/share/doc/gcc-7/README.Bugs --enable-languages=c,ada,c++,go,brig,d,fortran,objc,obj-c++ --prefix=/usr --with-gcc-major-version-only --program-suffix=-7 --program-prefix=x86_64-linux-gnu- --enable-shared --enable-linker-build-id --libexecdir=/usr/lib --without-included-gettext --enable-threads=posix --libdir=/usr/lib --enable-nls --with-sysroot=/ --enable-clocale=gnu --enable-libstdcxx-debug --enable-libstdcxx-time=yes --with-default-libstdcxx-abi=new --enable-gnu-unique-object --disable-vtable-verify --enable-libmpx --enable-plugin --enable-default-pie --with-system-zlib --with-target-system-zlib --enable-objc-gc=auto --enable-multiarch --disable-werror --with-arch-32=i686 --with-abi=m64 --with-multilib-list=m32,m64,mx32 --enable-multilib --with-tune=generic --enable-offload-targets=nvptx-none --without-cuda-driver --enable-checking=release --build=x86_64-linux-gnu --host=x86_64-linux-gnu --target=x86_64-linux-gnu
Thread model: posix
gcc version 7.4.0 (Ubuntu 7.4.0-1ubuntu1~18.04.1) 
configure:5228: $? = 0
configure:5217: gcc -V >&5
gcc: error: unrecognized command line option '-V'
gcc: fatal error: no input files
compilation terminated.
configure:5228: $? = 1
configure:5217: gcc -qversion >&5
gcc: error: unrecognized command line option '-qversion'; did you mean '--version'?
gcc: fatal error: no input files
compilation terminated.
configure:5228: $? = 1
configure:5232: checking whether we are using the GNU C compiler
configure:5260: result: yes
configure:5269: checking whether gcc accepts -g
configure:5330: result: yes
configure:5347: checking for gcc option to accept ISO C89
configure:5423: result: none needed
configure:5448: checking whether gcc understands -c and -o together
configure:5485: result: yes
configure:5504: checking dependency style of gcc
configure:5615: result: gcc3
configure:5632: checking whether gcc accepts -fPIE
configure:5647: result: yes
configure:5716: checking build system type
configure:5730: result: x86_64-unknown-linux-gnu
configure:5750: checking host system type
configure:5763: result: x86_64-unknown-linux-gnu
configure:5804: checking how to print strings
configure:5831: result: printf
configure:5852: checking for a sed that does not truncate output
configure:5916: result: /bin/sed
configure:5934: checking for fgrep
configure:5996: result: /bin/grep -F
configure:6031: checking for ld used by gcc
configure:6098: result: /usr/bin/ld
configure:6105: checking if the linker (/usr/bin/ld) is GNU ld
configure:6120: result: yes
configure:6132: checking for BSD- or MS-compatible name lister (nm)
configure:6181: result: /usr/bin/nm -B
configure:6311: checking the name lister (/usr/bin/nm -B) interface
configure:6318: gcc -c -g -O2  conftest.c >&5
configure:6321: /usr/bin/nm -B "conftest.o"
configure:6324: output
0000000000000000 B some_variable
configure:6331: result: BSD nm
configure:6334: checking whether ln -s works
configure:6338: result: yes
configure:6346: checking the maximum length of command line arguments
configure:6477: result: 1572864
configure:6494: checking whether the shell understands some XSI constructs
configure:6504: result: yes
configure:6508: checking whether the shell understands "+="
configure:6514: result: yes
configure:6549: checking how to convert x86_64-unknown-linux-gnu file names to x86_64-unknown-linux-gnu format
configure:6589: result: func_convert_file_noop
configure:6596: checking how to convert x86_64-unknown-linux-gnu file names to toolchain format
configure:6616: result: func_convert_file_noop
configure:6623: checking for /usr/bin/ld option to reload object files
configure:6630: result: -r
configure:6704: checking for objdump
configure:6720: found /usr/bin/objdump
configure:6731: result: objdump
configure:6763: checking how to recognize dependent libraries
configure:6961: result: pass_all
configure:7046: checking for dlltool
configure:7076: result: no
configure:7106: checking how to associate runtime and link libraries
configure:7133: result: printf %s\n
configure:7193: checking for ar
configure:7209: found /usr/bin/ar
configure:7220: result: ar
configure:7257: checking for archiver @FILE support
configure:7274: gcc -c -g -O2  conftest.c >&5
configure:7274: $? = 0
configure:7277: ar cru libconftest.a @conftest.lst >&5
ar: `u' modifier ignored since `D' is the default (see `U')
configure:7280: $? = 0
configure:7285: ar cru libconftest.a @conftest.lst >&5
ar: `u' modifier ignored since `D' is the default (see `U')
ar: conftest.o: No such file or directory
configure:7288: $? = 1
configure:7300: result: @
configure:7358: checking for strip
configure:7374: found /usr/bin/strip
configure:7385: result: strip
configure:7457: checking for ranlib
configure:7473: found /usr/bin/ranlib
configure:7484: result: ranlib
configure:7586: checking command to parse /usr/bin/nm -B output from gcc object
configure:7706: gcc -c -g -O2  conftest.c >&5
configure:7709: $? = 0
configure:7713: /usr/bin/nm -B conftest.o \| sed -n -e 's/^.*[ ]\([ABCDGIRSTW][ABCDGIRSTW]*\)[ ][ ]*\([_A-Za-z][_A-Za-z0-9]*\)$/\1 \2 \2/p' | sed '/ __gnu_lto/d' \> conftest.nm
configure:7716: $? = 0
configure:7782: gcc -o conftest -g -O2   conftest.c conftstm.o >&5
configure:7785: $? = 0
configure:7823: result: ok
configure:7860: checking for sysroot
configure:7890: result: no
configure:7967: gcc -c -g -O2  conftest.c >&5
configure:7970: $? = 0
configure:8159: checking for mt
configure:8175: found /bin/mt
configure:8186: result: mt
configure:8209: checking if mt is a manifest tool
configure:8215: mt '-?'
configure:8223: result: no
configure:8862: checking for dlfcn.h
configure:8862: gcc -c -g -O2  conftest.c >&5
configure:8862: $? = 0
configure:8862: result: yes
configure:9038: checking for objdir
configure:9053: result: .libs
configure:9320: checking if gcc supports -fno-rtti -fno-exceptions
configure:9338: gcc -c -g -O2  -fno-rtti -fno-exceptions conftest.c >&5
cc1: warning: command line option '-fno-rtti' is valid for C++/ObjC++ but not for C
configure:9342: $? = 0
configure:9355: result: no
configure:9682: checking for gcc option to produce PIC
configure:9689: result: -fPIC -DPIC
configure:9697: checking if gcc PIC flag -fPIC -DPIC works
configure:9715: gcc -c -g -O2  -fPIC -DPIC -DPIC conftest.c >&5
configure:9719: $? = 0
configure:9732: result: yes
configure:9761: checking if gcc static flag -static works
configure:9789: result: yes
configure:9804: checking if gcc supports -c -o file.o
configure:9825: gcc -c -g -O2  -o out/conftest2.o conftest.c >&5
configure:9829: $? = 0
configure:9851: result: yes
configure:9859: checking if gcc supports -c -o file.o
configure:9906: result: yes
configure:9939: checking whether the gcc linker (/usr/bin/ld -m elf_x86_64) supports shared libraries
configure:11096: result: yes
configure:11133: checking whether -lc should be explicitly linked in
configure:11141: gcc -c -g -O2  conftest.c >&5
configure:11144: $? = 0
configure:11159: gcc -shared  -fPIC -DPIC conftest.o  -v -Wl,-soname -Wl,conftest -o conftest 2\>\&1 \| /bin/grep  -lc  \>/dev/null 2\>\&1
configure:11162: $? = 0
configure:11176: result: no
configure:11336: checking dynamic linker characteristics
configure:11836: gcc -o conftest -g -O2   -Wl,-rpath -Wl,/foo conftest.c  >&5
configure:11836: $? = 0
configure:12070: result: GNU/Linux ld.so
configure:12177: checking how to hardcode library paths into programs
configure:12202: result: immediate
configure:12742: checking whether stripping libraries is possible
configure:12747: result: yes
configure:12782: checking if libtool supports shared libraries
configure:12784: result: yes
configure:12787: checking whether to build shared libraries
configure:12808: result: yes
configure:12811: checking whether to build static libraries
configure:12815: result: no
configure:13053: checking for signalfd
configure:13053: gcc -o conftest -g -O2   conftest.c  >&5
configure:13053: $? = 0
configure:13053: result: yes
configure:13061: checking for clock_gettime in -lrt
configure:13086: gcc -o conftest -g -O2   conftest.c -lrt   >&5
configure:13086: $? = 0
configure:13095: result: yes
configure:13104: checking for pthread_create in -lpthread
configure:13129: gcc -o conftest -g -O2   conftest.c -lpthread   >&5
configure:13129: $? = 0
configure:13138: result: yes
configure:13147: checking for dlopen in -ldl
configure:13172: gcc -o conftest -g -O2   conftest.c -ldl   >&5
configure:13172: $? = 0
configure:13181: result: yes
configure:13193: checking linux/types.h usability
configure:13193: gcc -c -g -O2  conftest.c >&5
configure:13193: $? = 0
configure:13193: result: yes
configure:13193: checking linux/types.h presence
configure:13193: gcc -E  conftest.c
configure:13193: $? = 0
configure:13193: result: yes
configure:13193: checking for linux/types.h
configure:13193: result: yes
configure:13193: checking linux/if_alg.h usability
configure:13193: gcc -c -g -O2  conftest.c >&5
configure:13193: $? = 0
configure:13193: result: yes
configure:13193: checking linux/if_alg.h presence
configure:13193: gcc -E  conftest.c
configure:13193: $? = 0
configure:13193: result: yes
configure:13193: checking for linux/if_alg.h
configure:13193: result: yes
configure:13206: checking for GLIB
configure:13213: $PKG_CONFIG --exists --print-errors "glib-2.0 >= 2.28"
configure:13216: $? = 0
configure:13230: $PKG_CONFIG --exists --print-errors "glib-2.0 >= 2.28"
configure:13233: $? = 0
configure:13271: result: yes
configure:13359: checking for DBUS
configure:13366: $PKG_CONFIG --exists --print-errors "dbus-1 >= 1.6"
configure:13369: $? = 0
configure:13383: $PKG_CONFIG --exists --print-errors "dbus-1 >= 1.6"
configure:13386: $? = 0
configure:13424: result: yes
configure:13438: checking D-Bus configuration directory
configure:13444: result: /etc
configure:13457: checking D-Bus system bus services dir
configure:13463: result: /usr/share/dbus-1/system-services
configure:13476: checking D-Bus session bus services dir
configure:13482: result: /usr/share/dbus-1/services
configure:13688: checking for UDEV
configure:13695: $PKG_CONFIG --exists --print-errors "libudev >= 172"
configure:13698: $? = 0
configure:13712: $PKG_CONFIG --exists --print-errors "libudev >= 172"
configure:13715: $? = 0
configure:13753: result: yes
configure:13759: checking for udev_hwdb_new in -ludev
configure:13784: gcc -o conftest -g -O2   conftest.c -ludev   >&5
configure:13784: $? = 0
configure:13793: result: yes
configure:13818: checking udev directory
configure:13824: result: /lib/udev
configure:14042: checking for ICAL
configure:14049: $PKG_CONFIG --exists --print-errors "libical"
configure:14052: $? = 0
configure:14066: $PKG_CONFIG --exists --print-errors "libical"
configure:14069: $? = 0
configure:14107: result: yes
configure:14238: checking readline/readline.h usability
configure:14238: gcc -c -g -O2  conftest.c >&5
configure:14238: $? = 0
configure:14238: result: yes
configure:14238: checking readline/readline.h presence
configure:14238: gcc -E  conftest.c
configure:14238: $? = 0
configure:14238: result: yes
configure:14238: checking for readline/readline.h
configure:14238: result: yes
configure:14281: checking systemd system unit dir
configure:14287: result: /lib/systemd/system
configure:14300: checking systemd user unit dir
configure:14306: result: /usr/lib/systemd/user
configure:14727: checking that generated files are newer than configure
configure:14733: result: done
configure:14900: creating ./config.status

## ---------------------- ##
## Running config.status. ##
## ---------------------- ##

This file was extended by bluez config.status 5.50, which was
generated by GNU Autoconf 2.69.  Invocation command line was

  CONFIG_FILES    = 
  CONFIG_HEADERS  = 
  CONFIG_LINKS    = 
  CONFIG_COMMANDS = 
  $ ./config.status 

on saahiil

config.status:1206: creating Makefile
config.status:1206: creating src/bluetoothd.8
config.status:1206: creating lib/bluez.pc
config.status:1206: creating config.h
config.status:1435: executing depfiles commands
config.status:1435: executing libtool commands

## ---------------- ##
## Cache variables. ##
## ---------------- ##

ac_cv_build=x86_64-unknown-linux-gnu
ac_cv_c_compiler_gnu=yes
ac_cv_c_restrict=__restrict
ac_cv_env_ALSA_CFLAGS_set=
ac_cv_env_ALSA_CFLAGS_value=
ac_cv_env_ALSA_LIBS_set=
ac_cv_env_ALSA_LIBS_value=
ac_cv_env_CC_set=
ac_cv_env_CC_value=
ac_cv_env_CFLAGS_set=
ac_cv_env_CFLAGS_value=
ac_cv_env_CPPFLAGS_set=
ac_cv_env_CPPFLAGS_value=
ac_cv_env_CPP_set=
ac_cv_env_CPP_value=
ac_cv_env_DBUS_CFLAGS_set=
ac_cv_env_DBUS_CFLAGS_value=
ac_cv_env_DBUS_LIBS_set=
ac_cv_env_DBUS_LIBS_value=
ac_cv_env_ELL_CFLAGS_set=
ac_cv_env_ELL_CFLAGS_value=
ac_cv_env_ELL_LIBS_set=
ac_cv_env_ELL_LIBS_value=
ac_cv_env_GLIB_CFLAGS_set=
ac_cv_env_GLIB_CFLAGS_value=
ac_cv_env_GLIB_LIBS_set=
ac_cv_env_GLIB_LIBS_value=
ac_cv_env_GTHREAD_CFLAGS_set=
ac_cv_env_GTHREAD_CFLAGS_value=
ac_cv_env_GTHREAD_LIBS_set=
ac_cv_env_GTHREAD_LIBS_value=
ac_cv_env_ICAL_CFLAGS_set=
ac_cv_env_ICAL_CFLAGS_value=
ac_cv_env_ICAL_LIBS_set=
ac_cv_env_ICAL_LIBS_value=
ac_cv_env_JSONC_CFLAGS_set=
ac_cv_env_JSONC_CFLAGS_value=
ac_cv_env_JSONC_LIBS_set=
ac_cv_env_JSONC_LIBS_value=
ac_cv_env_LDFLAGS_set=
ac_cv_env_LDFLAGS_value=
ac_cv_env_LIBS_set=
ac_cv_env_LIBS_value=
ac_cv_env_PKG_CONFIG_LIBDIR_set=
ac_cv_env_PKG_CONFIG_LIBDIR_value=
ac_cv_env_PKG_CONFIG_PATH_set=
ac_cv_env_PKG_CONFIG_PATH_value=
ac_cv_env_PKG_CONFIG_set=
ac_cv_env_PKG_CONFIG_value=
ac_cv_env_SBC_CFLAGS_set=
ac_cv_env_SBC_CFLAGS_value=
ac_cv_env_SBC_LIBS_set=
ac_cv_env_SBC_LIBS_value=
ac_cv_env_SPEEXDSP_CFLAGS_set=
ac_cv_env_SPEEXDSP_CFLAGS_value=
ac_cv_env_SPEEXDSP_LIBS_set=
ac_cv_env_SPEEXDSP_LIBS_value=
ac_cv_env_UDEV_CFLAGS_set=
ac_cv_env_UDEV_CFLAGS_value=
ac_cv_env_UDEV_LIBS_set=
ac_cv_env_UDEV_LIBS_value=
ac_cv_env_build_alias_set=
ac_cv_env_build_alias_value=
ac_cv_env_host_alias_set=
ac_cv_env_host_alias_value=
ac_cv_env_target_alias_set=
ac_cv_env_target_alias_value=
ac_cv_func_signalfd=yes
ac_cv_header_dlfcn_h=yes
ac_cv_header_inttypes_h=yes
ac_cv_header_linux_if_alg_h=yes
ac_cv_header_linux_types_h=yes
ac_cv_header_memory_h=yes
ac_cv_header_minix_config_h=no
ac_cv_header_readline_readline_h=yes
ac_cv_header_stdc=yes
ac_cv_header_stdint_h=yes
ac_cv_header_stdlib_h=yes
ac_cv_header_string_h=yes
ac_cv_header_strings_h=yes
ac_cv_header_sys_stat_h=yes
ac_cv_header_sys_types_h=yes
ac_cv_header_unistd_h=yes
ac_cv_host=x86_64-unknown-linux-gnu
ac_cv_lib_dl_dlopen=yes
ac_cv_lib_pthread_pthread_create=yes
ac_cv_lib_rt_clock_gettime=yes
ac_cv_lib_udev_udev_hwdb_new=yes
ac_cv_objext=o
ac_cv_path_EGREP='/bin/grep -E'
ac_cv_path_FGREP='/bin/grep -F'
ac_cv_path_GREP=/bin/grep
ac_cv_path_SED=/bin/sed
ac_cv_path_ac_pt_PKG_CONFIG=/usr/bin/pkg-config
ac_cv_path_install='/usr/bin/install -c'
ac_cv_path_mkdir=/bin/mkdir
ac_cv_prog_AWK=mawk
ac_cv_prog_CPP='gcc -E'
ac_cv_prog_ac_ct_AR=ar
ac_cv_prog_ac_ct_CC=gcc
ac_cv_prog_ac_ct_MANIFEST_TOOL=mt
ac_cv_prog_ac_ct_OBJDUMP=objdump
ac_cv_prog_ac_ct_RANLIB=ranlib
ac_cv_prog_ac_ct_STRIP=strip
ac_cv_prog_cc_c89=
ac_cv_prog_cc_g=yes
ac_cv_prog_cc_pie=yes
ac_cv_prog_make_make_set=yes
ac_cv_safe_to_define___extensions__=yes
am_cv_CC_dependencies_compiler_type=gcc3
am_cv_make_support_nested_variables=yes
am_cv_prog_cc_c_o=yes
am_cv_prog_tar_pax=gnutar
lt_cv_ar_at_file=@
lt_cv_archive_cmds_need_lc=no
lt_cv_deplibs_check_method=pass_all
lt_cv_file_magic_cmd='$MAGIC_CMD'
lt_cv_file_magic_test_file=
lt_cv_ld_reload_flag=-r
lt_cv_nm_interface='BSD nm'
lt_cv_objdir=.libs
lt_cv_path_LD=/usr/bin/ld
lt_cv_path_NM='/usr/bin/nm -B'
lt_cv_path_mainfest_tool=no
lt_cv_prog_compiler_c_o=yes
lt_cv_prog_compiler_pic='-fPIC -DPIC'
lt_cv_prog_compiler_pic_works=yes
lt_cv_prog_compiler_rtti_exceptions=no
lt_cv_prog_compiler_static_works=yes
lt_cv_prog_gnu_ld=yes
lt_cv_sharedlib_from_linklib_cmd='printf %s\n'
lt_cv_shlibpath_overrides_runpath=yes
lt_cv_sys_global_symbol_pipe='sed -n -e '\''s/^.*[	 ]\([ABCDGIRSTW][ABCDGIRSTW]*\)[	 ][	 ]*\([_A-Za-z][_A-Za-z0-9]*\)$/\1 \2 \2/p'\'' | sed '\''/ __gnu_lto/d'\'''
lt_cv_sys_global_symbol_to_c_name_address='sed -n -e '\''s/^: \([^ ]*\)[ ]*$/  {\"\1\", (void *) 0},/p'\'' -e '\''s/^[ABCDGIRSTW]* \([^ ]*\) \([^ ]*\)$/  {"\2", (void *) \&\2},/p'\'''
lt_cv_sys_global_symbol_to_c_name_address_lib_prefix='sed -n -e '\''s/^: \([^ ]*\)[ ]*$/  {\"\1\", (void *) 0},/p'\'' -e '\''s/^[ABCDGIRSTW]* \([^ ]*\) \(lib[^ ]*\)$/  {"\2", (void *) \&\2},/p'\'' -e '\''s/^[ABCDGIRSTW]* \([^ ]*\) \([^ ]*\)$/  {"lib\2", (void *) \&\2},/p'\'''
lt_cv_sys_global_symbol_to_cdecl='sed -n -e '\''s/^T .* \(.*\)$/extern int \1();/p'\'' -e '\''s/^[ABCDGIRSTW]* .* \(.*\)$/extern char \1;/p'\'''
lt_cv_sys_max_cmd_len=1572864
lt_cv_to_host_file_cmd=func_convert_file_noop
lt_cv_to_tool_file_cmd=func_convert_file_noop
pkg_cv_DBUS_CFLAGS='-I/usr/include/dbus-1.0 -I/usr/lib/x86_64-linux-gnu/dbus-1.0/include'
pkg_cv_DBUS_LIBS=-ldbus-1
pkg_cv_GLIB_CFLAGS='-I/usr/include/glib-2.0 -I/usr/lib/x86_64-linux-gnu/glib-2.0/include'
pkg_cv_GLIB_LIBS=-lglib-2.0
pkg_cv_ICAL_CFLAGS=
pkg_cv_ICAL_LIBS='-lical -licalss -licalvcal'
pkg_cv_UDEV_CFLAGS=
pkg_cv_UDEV_LIBS=-ludev

## ----------------- ##
## Output variables. ##
## ----------------- ##

A2DP_FALSE='#'
A2DP_TRUE=''
ACLOCAL='${SHELL} /home/user/bluez-5.50/missing aclocal-1.14'
ALSA_CFLAGS=''
ALSA_LIBS=''
AMDEPBACKSLASH='\'
AMDEP_FALSE='#'
AMDEP_TRUE=''
AMTAR='$${TAR-tar}'
AM_BACKSLASH='\'
AM_DEFAULT_V='$(AM_DEFAULT_VERBOSITY)'
AM_DEFAULT_VERBOSITY='0'
AM_V='$(V)'
ANDROID_FALSE=''
ANDROID_TRUE='#'
AR='ar'
AUTOCONF='${SHELL} /home/user/bluez-5.50/missing autoconf'
AUTOHEADER='${SHELL} /home/user/bluez-5.50/missing autoheader'
AUTOMAKE='${SHELL} /home/user/bluez-5.50/missing automake-1.14'
AVRCP_FALSE='#'
AVRCP_TRUE=''
AWK='mawk'
BACKTRACE_CFLAGS=''
BACKTRACE_LIBS=''
BTPCLIENT_FALSE=''
BTPCLIENT_TRUE='#'
CC='gcc'
CCDEPMODE='depmode=gcc3'
CFLAGS='-g -O2'
CLIENT_FALSE='#'
CLIENT_TRUE=''
CONFIGDIR='/etc/bluetooth'
COVERAGE_FALSE=''
COVERAGE_TRUE='#'
CPP='gcc -E'
CPPFLAGS=''
CUPS_FALSE='#'
CUPS_TRUE=''
CYGPATH_W='echo'
DATAFILES_FALSE='#'
DATAFILES_TRUE=''
DBUS_CFLAGS='-I/usr/include/dbus-1.0 -I/usr/lib/x86_64-linux-gnu/dbus-1.0/include'
DBUS_CONFDIR='/etc'
DBUS_LIBS='-ldbus-1'
DBUS_RUN_SESSION_FALSE=''
DBUS_RUN_SESSION_TRUE='#'
DBUS_SESSIONBUSDIR='/usr/share/dbus-1/services'
DBUS_SYSTEMBUSDIR='/usr/share/dbus-1/system-services'
DEFS='-DHAVE_CONFIG_H'
DEPDIR='.deps'
DEPRECATED_FALSE=''
DEPRECATED_TRUE='#'
DLLTOOL='false'
DSYMUTIL=''
DUMPBIN=''
ECHO_C=''
ECHO_N='-n'
ECHO_T=''
EGREP='/bin/grep -E'
ELL_CFLAGS=''
ELL_FALSE=''
ELL_LIBS=''
ELL_TRUE='#'
EXEEXT=''
EXPERIMENTAL_FALSE='#'
EXPERIMENTAL_TRUE=''
FGREP='/bin/grep -F'
GLIB_CFLAGS='-I/usr/include/glib-2.0 -I/usr/lib/x86_64-linux-gnu/glib-2.0/include'
GLIB_LIBS='-lglib-2.0'
GREP='/bin/grep'
GTHREAD_CFLAGS=''
GTHREAD_LIBS=''
HEALTH_FALSE=''
HEALTH_TRUE='#'
HID2HCI_FALSE='#'
HID2HCI_TRUE=''
HID_FALSE='#'
HID_TRUE=''
HOG_FALSE='#'
HOG_TRUE=''
ICAL_CFLAGS=''
ICAL_LIBS='-lical -licalss -licalvcal'
INSTALL_DATA='${INSTALL} -m 644'
INSTALL_PROGRAM='${INSTALL}'
INSTALL_SCRIPT='${INSTALL}'
INSTALL_STRIP_PROGRAM='$(install_sh) -c -s'
JSONC_CFLAGS=''
JSONC_LIBS=''
JSON_CFLAGS=''
JSON_LIBS=''
LD='/usr/bin/ld -m elf_x86_64'
LDFLAGS=''
LIBOBJS=''
LIBRARY_FALSE=''
LIBRARY_TRUE='#'
LIBS=''
LIBTOOL='$(SHELL) $(top_builddir)/libtool'
LIPO=''
LN_S='ln -s'
LOGGER_FALSE=''
LOGGER_TRUE='#'
LTLIBOBJS=''
MAINT='#'
MAINTAINER_MODE_FALSE=''
MAINTAINER_MODE_TRUE='#'
MAKEINFO='${SHELL} /home/user/bluez-5.50/missing makeinfo'
MANIFEST_TOOL=':'
MANPAGES_FALSE=''
MANPAGES_TRUE='#'
MESH_FALSE=''
MESH_TRUE='#'
MIDI_FALSE=''
MIDI_TRUE='#'
MISC_CFLAGS=''
MISC_LDFLAGS=''
MKDIR_P='/bin/mkdir -p'
MONITOR_FALSE='#'
MONITOR_TRUE=''
NETWORK_FALSE='#'
NETWORK_TRUE=''
NFC_FALSE=''
NFC_TRUE='#'
NM='/usr/bin/nm -B'
NMEDIT=''
OBEX_FALSE='#'
OBEX_TRUE=''
OBJDUMP='objdump'
OBJEXT='o'
OTOOL64=''
OTOOL=''
PACKAGE='bluez'
PACKAGE_BUGREPORT=''
PACKAGE_NAME='bluez'
PACKAGE_STRING='bluez 5.50'
PACKAGE_TARNAME='bluez'
PACKAGE_URL=''
PACKAGE_VERSION='5.50'
PATH_SEPARATOR=':'
PKG_CONFIG='/usr/bin/pkg-config'
PKG_CONFIG_LIBDIR=''
PKG_CONFIG_PATH=''
RANLIB='ranlib'
READLINE_FALSE='#'
READLINE_TRUE=''
SAP_FALSE=''
SAP_TRUE='#'
SBC_CFLAGS=''
SBC_LIBS=''
SED='/bin/sed'
SET_MAKE=''
SHELL='/bin/bash'
SIXAXIS_FALSE=''
SIXAXIS_TRUE='#'
SPEEXDSP_CFLAGS=''
SPEEXDSP_LIBS=''
STRIP='strip'
SYSTEMD_FALSE='#'
SYSTEMD_SYSTEMUNITDIR='/lib/systemd/system'
SYSTEMD_TRUE=''
SYSTEMD_USERUNITDIR='/usr/lib/systemd/user'
TESTING_FALSE=''
TESTING_TRUE='#'
TEST_FALSE=''
TEST_TRUE='#'
TOOLS_FALSE='#'
TOOLS_TRUE=''
UDEV_CFLAGS=''
UDEV_DIR='/lib/udev'
UDEV_FALSE='#'
UDEV_LIBS='-ludev'
UDEV_TRUE=''
VALGRIND_FALSE=''
VALGRIND_TRUE='#'
VERSION='5.50'
WARNING_CFLAGS=''
ac_ct_AR='ar'
ac_ct_CC='gcc'
ac_ct_DUMPBIN=''
am__EXEEXT_FALSE=''
am__EXEEXT_TRUE='#'
am__fastdepCC_FALSE='#'
am__fastdepCC_TRUE=''
am__include='include'
am__isrc=''
am__leading_dot='.'
am__nodep='_no'
am__quote=''
am__tar='tar --format=posix -chf - "$$tardir"'
am__untar='tar -xf -'
bindir='${exec_prefix}/bin'
build='x86_64-unknown-linux-gnu'
build_alias=''
build_cpu='x86_64'
build_os='linux-gnu'
build_vendor='unknown'
datadir='${datarootdir}'
datarootdir='${prefix}/share'
docdir='${datarootdir}/doc/${PACKAGE_TARNAME}'
dvidir='${docdir}'
enable_coverage=''
enable_dbus_run_session=''
enable_valgrind=''
exec_prefix='${prefix}'
host='x86_64-unknown-linux-gnu'
host_alias=''
host_cpu='x86_64'
host_os='linux-gnu'
host_vendor='unknown'
htmldir='${docdir}'
includedir='${prefix}/include'
infodir='${datarootdir}/info'
install_sh='${SHELL} /home/user/bluez-5.50/install-sh'
libdir='${exec_prefix}/lib'
libexecdir='${exec_prefix}/libexec'
localedir='${datarootdir}/locale'
localstatedir='/var'
mandir='/usr/share/man'
mkdir_p='$(MKDIR_P)'
oldincludedir='/usr/include'
pdfdir='${docdir}'
prefix='/usr'
program_transform_name='s,x,x,'
psdir='${docdir}'
sbindir='${exec_prefix}/sbin'
sharedstatedir='${prefix}/com'
sysconfdir='/etc'
target_alias=''

## ----------- ##
## confdefs.h. ##
## ----------- ##

/* confdefs.h */
#define PACKAGE_NAME "bluez"
#define PACKAGE_TARNAME "bluez"
#define PACKAGE_VERSION "5.50"
#define PACKAGE_STRING "bluez 5.50"
#define PACKAGE_BUGREPORT ""
#define PACKAGE_URL ""
#define PACKAGE "bluez"
#define VERSION "5.50"
#define STDC_HEADERS 1
#define HAVE_SYS_TYPES_H 1
#define HAVE_SYS_STAT_H 1
#define HAVE_STDLIB_H 1
#define HAVE_STRING_H 1
#define HAVE_MEMORY_H 1
#define HAVE_STRINGS_H 1
#define HAVE_INTTYPES_H 1
#define HAVE_STDINT_H 1
#define HAVE_UNISTD_H 1
#define __EXTENSIONS__ 1
#define _ALL_SOURCE 1
#define _GNU_SOURCE 1
#define _POSIX_PTHREAD_SEMANTICS 1
#define _TANDEM_SOURCE 1
#define restrict __restrict
#define HAVE_DLFCN_H 1
#define LT_OBJDIR ".libs/"
#define HAVE_LINUX_TYPES_H 1
#define HAVE_LINUX_IF_ALG_H 1
#define HAVE_UDEV_HWDB_NEW 1
#define HAVE_READLINE_READLINE_H 1
#define STORAGEDIR "/var/lib/bluetooth"
#define CONFIGDIR "/etc/bluetooth"
#define ANDROID_STORAGEDIR "/var/lib/bluetooth/android"

configure: exit 0
